<?xml version="1.0" encoding="UTF-8"?>
<!-- Generated by org.testng.reporters.JUnitReportReporter -->
<testsuite skipped="0" hostname="jyoti-HP-ProBook-450-G1" name="com.hybridframework.qa.testpages.CurrencyConversionTest" tests="4" failures="0" timestamp="2021-03-27T16:37:04 BDT" time="68.752" errors="0">
  <testcase name="verifyFunctionalityForBuyAmountAndSellAmountBoxEmpty" time="17.954" classname="com.hybridframework.qa.testpages.CurrencyConversionTest"/>
  <system-out/>
  <testcase name="verifyFunctionalityForSellAmountAndBuyAmountBoxEmpty" time="13.603" classname="com.hybridframework.qa.testpages.CurrencyConversionTest"/>
  <system-out/>
  <testcase name="verifyCurrencyOptionChangedAndCurrencyRatesUpdatedBasedOnCountrySelected" time="16.666" classname="com.hybridframework.qa.testpages.CurrencyConversionTest"/>
  <system-out/>
  <testcase name="verifyLossAmountWhenBankProviderAmountForSellingIsLowerThanTheCompanyProvidedAmount" time="20.529" classname="com.hybridframework.qa.testpages.CurrencyConversionTest"/>
  <system-out/>
</testsuite> <!-- com.hybridframework.qa.testpages.CurrencyConversionTest -->
